{
  "RSpec": {
    "coverage": {
      "/Users/erikriggs/turing_work/2mod/projects/mlb_2207/config/environment.rb": {
        "lines": [
          null,
          1,
          null,
          null,
          1
        ]
      },
      "/Users/erikriggs/turing_work/2mod/projects/mlb_2207/config/application.rb": {
        "lines": [
          1,
          null,
          1,
          null,
          1,
          1,
          1,
          1,
          1,
          1,
          1,
          1,
          1,
          null,
          null,
          null,
          null,
          1,
          null,
          1,
          1,
          null,
          1,
          null,
          null,
          null,
          null,
          null,
          null,
          null,
          1,
          null,
          null
        ]
      },
      "/Users/erikriggs/turing_work/2mod/projects/mlb_2207/config/boot.rb": {
        "lines": [
          1,
          null,
          1,
          1
        ]
      },
      "/Users/erikriggs/turing_work/2mod/projects/mlb_2207/config/environments/test.rb": {
        "lines": [
          1,
          null,
          null,
          null,
          null,
          null,
          null,
          1,
          null,
          null,
          null,
          null,
          1,
          null,
          null,
          1,
          1,
          null,
          null,
          null,
          null,
          1,
          1,
          null,
          null,
          1,
          null,
          null,
          1,
          null,
          null,
          1,
          null,
          1,
          null,
          null,
          null,
          null,
          1,
          null,
          null,
          1,
          null,
          null,
          null,
          null
        ]
      },
      "/Users/erikriggs/turing_work/2mod/projects/mlb_2207/config/initializers/application_controller_renderer.rb": {
        "lines": [
          null,
          null,
          null,
          null,
          null,
          null,
          null,
          null
        ]
      },
      "/Users/erikriggs/turing_work/2mod/projects/mlb_2207/config/initializers/assets.rb": {
        "lines": [
          null,
          null,
          null,
          1,
          null,
          null,
          null,
          null,
          1,
          null,
          null,
          null,
          null,
          null
        ]
      },
      "/Users/erikriggs/turing_work/2mod/projects/mlb_2207/config/initializers/backtrace_silencers.rb": {
        "lines": [
          null,
          null,
          null,
          null,
          null,
          null,
          null
        ]
      },
      "/Users/erikriggs/turing_work/2mod/projects/mlb_2207/config/initializers/content_security_policy.rb": {
        "lines": [
          null,
          null,
          null,
          null,
          null,
          null,
          null,
          null,
          null,
          null,
          null,
          null,
          null,
          null,
          null,
          null,
          null,
          null,
          null,
          null,
          null,
          null,
          null,
          null,
          null
        ]
      },
      "/Users/erikriggs/turing_work/2mod/projects/mlb_2207/config/initializers/cookies_serializer.rb": {
        "lines": [
          null,
          null,
          null,
          null,
          1
        ]
      },
      "/Users/erikriggs/turing_work/2mod/projects/mlb_2207/config/initializers/filter_parameter_logging.rb": {
        "lines": [
          null,
          null,
          null,
          1
        ]
      },
      "/Users/erikriggs/turing_work/2mod/projects/mlb_2207/config/initializers/inflections.rb": {
        "lines": [
          null,
          null,
          null,
          null,
          null,
          null,
          null,
          null,
          null,
          null,
          null,
          null,
          null,
          null,
          null,
          null
        ]
      },
      "/Users/erikriggs/turing_work/2mod/projects/mlb_2207/config/initializers/mime_types.rb": {
        "lines": [
          null,
          null,
          null,
          null
        ]
      },
      "/Users/erikriggs/turing_work/2mod/projects/mlb_2207/config/initializers/wrap_parameters.rb": {
        "lines": [
          null,
          null,
          null,
          null,
          null,
          null,
          1,
          2,
          null,
          null,
          null,
          null,
          null,
          null
        ]
      },
      "/Users/erikriggs/turing_work/2mod/projects/mlb_2207/config/routes.rb": {
        "lines": [
          1,
          null,
          1,
          1,
          1,
          1,
          1,
          1,
          1,
          1,
          1,
          1,
          1,
          1,
          1,
          1,
          1,
          null
        ]
      },
      "/Users/erikriggs/turing_work/2mod/projects/mlb_2207/app/helpers/application_helper.rb": {
        "lines": [
          1,
          null
        ]
      },
      "/Users/erikriggs/turing_work/2mod/projects/mlb_2207/spec/features/players/edit_spec.rb": {
        "lines": [
          1,
          null,
          1,
          1,
          6,
          null,
          6,
          null,
          6,
          null,
          null,
          null,
          1,
          1,
          1,
          1,
          null,
          1,
          1,
          null,
          1,
          null,
          1,
          1,
          null,
          null,
          1,
          1,
          null,
          null,
          1,
          null,
          1,
          1,
          null,
          1,
          1,
          1,
          null,
          1,
          1,
          1,
          null,
          null,
          null,
          1,
          1,
          1,
          null,
          1,
          1,
          null,
          1,
          null,
          1,
          1,
          null,
          null,
          1,
          1,
          null,
          null,
          1,
          null,
          1,
          1,
          null,
          1,
          1,
          1,
          null,
          1,
          1,
          1,
          null,
          null,
          null,
          1,
          1,
          1,
          null,
          1,
          1,
          null,
          1,
          null,
          1,
          1,
          null,
          null,
          1,
          1,
          null,
          null,
          1,
          null,
          1,
          1,
          null,
          1,
          1,
          1,
          null,
          1,
          1,
          1,
          null,
          null,
          null,
          null
        ]
      },
      "/Users/erikriggs/turing_work/2mod/projects/mlb_2207/spec/features/players/index_spec.rb": {
        "lines": [
          1,
          null,
          1,
          1,
          5,
          null,
          5,
          null,
          5,
          null,
          5,
          null,
          5,
          null,
          5,
          null,
          null,
          null,
          1,
          1,
          1,
          1,
          null,
          1,
          1,
          1,
          1,
          null,
          null,
          1,
          1,
          null,
          1,
          1,
          1,
          1,
          1,
          1,
          1,
          1,
          1,
          1,
          1,
          1,
          null,
          null,
          1,
          1,
          null,
          1,
          null,
          1,
          null,
          null,
          1,
          1,
          null,
          1,
          null,
          1,
          null,
          null,
          1,
          1,
          null,
          1,
          1,
          1,
          1,
          null,
          null,
          null,
          null
        ]
      },
      "/Users/erikriggs/turing_work/2mod/projects/mlb_2207/spec/features/players/show_spec.rb": {
        "lines": [
          1,
          null,
          1,
          1,
          4,
          null,
          4,
          null,
          4,
          null,
          null,
          null,
          1,
          1,
          1,
          null,
          1,
          null,
          1,
          1,
          null,
          null,
          1,
          null,
          1,
          null,
          1,
          1,
          1,
          null,
          null,
          1,
          1,
          null,
          1,
          null,
          1,
          null,
          null,
          1,
          1,
          null,
          1,
          null,
          1,
          null,
          null,
          null,
          null
        ]
      },
      "/Users/erikriggs/turing_work/2mod/projects/mlb_2207/spec/features/teams/delete_spec.rb": {
        "lines": [
          1,
          null,
          1,
          1,
          2,
          null,
          2,
          null,
          null,
          null,
          1,
          1,
          1,
          1,
          null,
          1,
          1,
          null,
          1,
          1,
          null,
          null,
          null,
          1,
          1,
          1,
          null,
          1,
          1,
          null,
          1,
          1,
          null,
          null,
          null,
          null
        ]
      },
      "/Users/erikriggs/turing_work/2mod/projects/mlb_2207/spec/features/teams/edit_spec.rb": {
        "lines": [
          1,
          null,
          1,
          1,
          4,
          null,
          4,
          null,
          null,
          null,
          1,
          1,
          1,
          1,
          null,
          1,
          1,
          null,
          1,
          null,
          1,
          1,
          null,
          null,
          1,
          1,
          null,
          null,
          1,
          null,
          1,
          1,
          1,
          null,
          1,
          1,
          1,
          null,
          1,
          1,
          1,
          null,
          null,
          null,
          1,
          1,
          1,
          null,
          1,
          1,
          null,
          1,
          null,
          1,
          1,
          null,
          null,
          1,
          1,
          null,
          null,
          1,
          null,
          1,
          1,
          null,
          1,
          1,
          1,
          null,
          1,
          1,
          1,
          null,
          null,
          null,
          null
        ]
      },
      "/Users/erikriggs/turing_work/2mod/projects/mlb_2207/spec/features/teams/index_spec.rb": {
        "lines": [
          1,
          null,
          1,
          1,
          4,
          null,
          4,
          null,
          4,
          null,
          4,
          null,
          null,
          null,
          1,
          1,
          1,
          1,
          null,
          1,
          1,
          1,
          1,
          1,
          1,
          1,
          1,
          null,
          null,
          1,
          1,
          null,
          1,
          1,
          1,
          1,
          1,
          1,
          1,
          1,
          null,
          null,
          1,
          1,
          null,
          1,
          null,
          1,
          null,
          null,
          1,
          1,
          null,
          1,
          null,
          1,
          null,
          null,
          null,
          null
        ]
      },
      "/Users/erikriggs/turing_work/2mod/projects/mlb_2207/spec/features/teams/new_spec.rb": {
        "lines": [
          1,
          null,
          1,
          1,
          1,
          1,
          1,
          null,
          1,
          null,
          1,
          null,
          null,
          1,
          1,
          null,
          1,
          1,
          1,
          1,
          1,
          1,
          null,
          1,
          1,
          1,
          null,
          null,
          null,
          null
        ]
      },
      "/Users/erikriggs/turing_work/2mod/projects/mlb_2207/spec/features/teams/players/index_spec.rb": {
        "lines": [
          1,
          null,
          1,
          1,
          5,
          null,
          5,
          null,
          5,
          null,
          5,
          null,
          null,
          null,
          1,
          1,
          1,
          1,
          null,
          1,
          1,
          1,
          1,
          null,
          null,
          1,
          1,
          null,
          1,
          null,
          1,
          null,
          null,
          1,
          1,
          null,
          1,
          null,
          1,
          null,
          null,
          1,
          1,
          null,
          1,
          null,
          1,
          1,
          1,
          1,
          null,
          null,
          1,
          1,
          null,
          1,
          1,
          1,
          1,
          null,
          1,
          1,
          1,
          1,
          null,
          null,
          null,
          null
        ]
      },
      "/Users/erikriggs/turing_work/2mod/projects/mlb_2207/spec/features/teams/players/new_spec.rb": {
        "lines": [
          1,
          null,
          1,
          1,
          2,
          null,
          2,
          null,
          2,
          null,
          null,
          null,
          1,
          1,
          1,
          1,
          null,
          1,
          null,
          1,
          null,
          null,
          1,
          1,
          null,
          1,
          1,
          1,
          1,
          1,
          null,
          1,
          1,
          1,
          1,
          1,
          null,
          null,
          null,
          null
        ]
      },
      "/Users/erikriggs/turing_work/2mod/projects/mlb_2207/spec/features/teams/show_spec.rb": {
        "lines": [
          1,
          null,
          1,
          1,
          6,
          null,
          6,
          null,
          6,
          null,
          6,
          null,
          null,
          null,
          1,
          1,
          1,
          1,
          null,
          1,
          1,
          null,
          null,
          1,
          1,
          null,
          1,
          1,
          1,
          null,
          null,
          1,
          1,
          null,
          1,
          null,
          null,
          1,
          1,
          null,
          1,
          null,
          1,
          null,
          null,
          1,
          1,
          null,
          1,
          null,
          1,
          null,
          null,
          1,
          1,
          null,
          1,
          null,
          1,
          null,
          null,
          null,
          null
        ]
      },
      "/Users/erikriggs/turing_work/2mod/projects/mlb_2207/spec/models/player_spec.rb": {
        "lines": [
          1,
          null,
          1,
          2,
          1,
          2,
          null,
          2,
          null,
          2,
          null,
          2,
          null,
          2,
          null,
          2,
          null,
          null,
          null,
          1,
          1,
          1,
          null,
          null,
          null
        ]
      },
      "/Users/erikriggs/turing_work/2mod/projects/mlb_2207/app/models/player.rb": {
        "lines": [
          1,
          1,
          null,
          1,
          18,
          null,
          null
        ]
      },
      "/Users/erikriggs/turing_work/2mod/projects/mlb_2207/app/models/application_record.rb": {
        "lines": [
          1,
          1,
          null
        ]
      },
      "/Users/erikriggs/turing_work/2mod/projects/mlb_2207/spec/models/team_spec.rb": {
        "lines": [
          1,
          null,
          1,
          2,
          1,
          5,
          null,
          5,
          null,
          5,
          null,
          5,
          null,
          5,
          null,
          5,
          null,
          5,
          null,
          null,
          null,
          1,
          1,
          1,
          null,
          null,
          null,
          1,
          1,
          1,
          null,
          null,
          1,
          1,
          null,
          null,
          1,
          1,
          null,
          null,
          null
        ]
      },
      "/Users/erikriggs/turing_work/2mod/projects/mlb_2207/app/models/team.rb": {
        "lines": [
          1,
          1,
          null,
          1,
          18,
          null,
          null,
          1,
          13,
          null,
          null,
          1,
          2,
          null,
          null,
          1,
          2,
          null,
          null
        ]
      },
      "/Users/erikriggs/turing_work/2mod/projects/mlb_2207/spec/routes/player_spec.rb": {
        "lines": [
          1,
          null,
          1,
          1,
          1,
          null,
          null,
          null,
          null,
          1,
          1,
          null,
          null,
          null,
          null,
          null,
          null,
          null
        ]
      },
      "/Users/erikriggs/turing_work/2mod/projects/mlb_2207/spec/routes/team_spec.rb": {
        "lines": [
          1,
          null,
          1,
          1,
          1,
          null,
          null,
          null,
          null,
          1,
          1,
          null,
          null,
          null,
          null,
          null,
          null,
          null
        ]
      },
      "/Users/erikriggs/turing_work/2mod/projects/mlb_2207/app/controllers/players_controller.rb": {
        "lines": [
          1,
          1,
          17,
          null,
          null,
          null,
          1,
          11,
          null,
          null,
          1,
          9,
          null,
          null,
          1,
          3,
          3,
          3,
          null,
          null,
          1,
          3,
          3,
          null,
          null,
          1,
          1,
          3,
          null,
          null
        ]
      },
      "/Users/erikriggs/turing_work/2mod/projects/mlb_2207/app/controllers/application_controller.rb": {
        "lines": [
          1,
          null
        ]
      },
      "/Users/erikriggs/turing_work/2mod/projects/mlb_2207/app/controllers/team_players_controller.rb": {
        "lines": [
          1,
          null,
          1,
          14,
          14,
          1,
          13,
          1,
          null,
          12,
          null,
          null,
          null,
          1,
          2,
          null,
          null,
          1,
          1,
          1,
          1,
          null,
          null,
          1,
          1,
          1,
          null,
          null
        ]
      },
      "/Users/erikriggs/turing_work/2mod/projects/mlb_2207/app/controllers/teams_controller.rb": {
        "lines": [
          1,
          null,
          1,
          17,
          null,
          null,
          1,
          null,
          null,
          1,
          1,
          1,
          null,
          null,
          1,
          6,
          null,
          null,
          1,
          2,
          2,
          2,
          null,
          null,
          1,
          12,
          null,
          null,
          1,
          2,
          2,
          null,
          null,
          1,
          1,
          3,
          null,
          null,
          null,
          null
        ]
      }
    },
    "timestamp": 1661912315
  }
}
